<?xml version="1.0" encoding="UTF-8"?>
<!-- Generated by org.testng.reporters.JUnitReportReporter -->
<testsuite hostname="VSV" failures="0" tests="1" name="permanatlokadalat.Permanantaddcase" time="49.586" errors="0" timestamp="2024-09-30T17:32:09 IST" skipped="0">
  <testcase classname="permanatlokadalat.Permanantaddcase" name="addcasepermant" time="49.586"/>
</testsuite> <!-- permanatlokadalat.Permanantaddcase -->
