<?xml version="1.0" encoding="UTF-8"?>
<!-- Generated by org.testng.reporters.JUnitReportReporter -->
<testsuite hostname="VSV" failures="0" tests="1" name="nf817.Nf817forwardtoro" time="68.464" errors="0" timestamp="2024-08-06T11:04:26 IST" skipped="0">
  <testcase classname="nf817.Nf817forwardtoro" name="testAddcommercial" time="68.464"/>
</testsuite> <!-- nf817.Nf817forwardtoro -->
