<?xml version="1.0" encoding="UTF-8"?>
<!-- Generated by org.testng.reporters.JUnitReportReporter -->
<testsuite hostname="VSV" failures="0" tests="1" name="commercialcourt.TC_CC_002$commercialcaseadd" time="26.802" errors="0" timestamp="2024-08-27T11:58:12 IST" skipped="0">
  <testcase classname="commercialcourt.TC_CC_002$commercialcaseadd" name="testAddcommercial" time="26.802"/>
</testsuite> <!-- commercialcourt.TC_CC_002$commercialcaseadd -->
