<?xml version="1.0" encoding="UTF-8"?>
<!-- Generated by org.testng.reporters.JUnitReportReporter -->
<testsuite hostname="VSV" failures="0" tests="2" name="drt.TC_DRT_OO3" time="55.666" errors="0" timestamp="2024-08-21T13:52:33 IST" skipped="0">
  <testcase classname="drt.TC_DRT_OO3" name="testAdddrtcase" time="39.633"/>
  <testcase classname="drt.TC_DRT_OO3" name="testdrtapprove" time="16.033"/>
</testsuite> <!-- drt.TC_DRT_OO3 -->
