<?xml version="1.0" encoding="UTF-8"?>
<!-- Generated by org.testng.reporters.JUnitReportReporter -->
<testsuite hostname="VSV" failures="0" tests="1" name="advocateempanellment.addvocateadd$commercialcaseadd" time="15.907" errors="0" timestamp="2024-09-27T12:35:15 IST" skipped="0">
  <testcase classname="advocateempanellment.addvocateadd$commercialcaseadd" name="testAddAdvocate" time="15.907"/>
</testsuite> <!-- advocateempanellment.addvocateadd$commercialcaseadd -->
