<?xml version="1.0" encoding="UTF-8"?>
<!-- Generated by org.testng.reporters.JUnitReportReporter -->
<testsuite hostname="VSV" failures="0" tests="1" name="commercialcourt.TC_CC_004$commercial" time="23.505" errors="0" timestamp="2024-08-31T16:51:59 IST" skipped="0">
  <testcase classname="commercialcourt.TC_CC_004$commercial" name="testAddcommercial" time="23.505"/>
</testsuite> <!-- commercialcourt.TC_CC_004$commercial -->
