<?xml version="1.0" encoding="UTF-8"?>
<!-- Generated by org.testng.reporters.JUnitReportReporter -->
<testsuite hostname="VSV" failures="0" tests="1" name="nf607.Nf607forwardtoro" time="82.435" errors="0" timestamp="2024-08-06T10:46:45 IST" skipped="0">
  <testcase classname="nf607.Nf607forwardtoro" name="testNF607forwardtoRO" time="82.435"/>
</testsuite> <!-- nf607.Nf607forwardtoro -->
