<?xml version="1.0" encoding="UTF-8"?>
<!-- Generated by org.testng.reporters.JUnitReportReporter -->
<testsuite hostname="VSV" failures="0" tests="1" name="advocateempanellment.addvocateadd$commercialcaseadd" time="14.357" errors="0" timestamp="2024-09-02T16:33:03 IST" skipped="0">
  <testcase classname="advocateempanellment.addvocateadd$commercialcaseadd" name="testAddAdvocate" time="14.357"/>
</testsuite> <!-- advocateempanellment.addvocateadd$commercialcaseadd -->
