<?xml version="1.0" encoding="UTF-8"?>
<!-- Generated by org.testng.reporters.JUnitReportReporter -->
<testsuite hostname="VSV" failures="0" tests="1" name="nf817.Nf817approvefromho$Nf607approvefromho" time="63.982" errors="0" timestamp="2024-08-06T11:04:26 IST" skipped="0">
  <testcase classname="nf817.Nf817approvefromho$Nf607approvefromho" name="testNF817approveHO" time="63.982"/>
</testsuite> <!-- nf817.Nf817approvefromho$Nf607approvefromho -->
