<?xml version="1.0" encoding="UTF-8"?>
<!-- Generated by org.testng.reporters.JUnitReportReporter -->
<testsuite hostname="VSV" failures="0" tests="1" name="drt.TC_DRT_OO2" time="34.664" errors="0" timestamp="2024-08-21T13:52:33 IST" skipped="0">
  <testcase classname="drt.TC_DRT_OO2" name="testAdddrtcase" time="34.664"/>
</testsuite> <!-- drt.TC_DRT_OO2 -->
