<?xml version="1.0" encoding="UTF-8"?>
<!-- Generated by org.testng.reporters.JUnitReportReporter -->
<testsuite hostname="VSV" failures="0" tests="1" name="supremecourt.Supremecourtadd$Highcourtcaseadd" time="30.725" errors="0" timestamp="2024-09-23T16:42:00 IST" skipped="0">
  <testcase classname="supremecourt.Supremecourtadd$Highcourtcaseadd" name="testAddAdvocateonRO" time="30.725"/>
</testsuite> <!-- supremecourt.Supremecourtadd$Highcourtcaseadd -->
