<?xml version="1.0" encoding="UTF-8"?>
<!-- Generated by org.testng.reporters.JUnitReportReporter -->
<testsuite hostname="VSV" failures="0" tests="1" name="nclt.Testcase2" time="26.136" errors="0" timestamp="2024-08-13T16:04:37 IST" skipped="0">
  <testcase classname="nclt.Testcase2" name="verifyNcltMasterPageDoesNotSaveWithoutDataEntry" time="26.136"/>
</testsuite> <!-- nclt.Testcase2 -->
