<?xml version="1.0" encoding="UTF-8"?>
<!-- Generated by org.testng.reporters.JUnitReportReporter -->
<testsuite hostname="VSV" failures="0" tests="1" name="samplepackage.BingSearchTest" time="3.646" errors="0" timestamp="2024-08-05T11:25:11 IST" skipped="0">
  <testcase classname="samplepackage.BingSearchTest" name="testBingSearch" time="3.646"/>
</testsuite> <!-- samplepackage.BingSearchTest -->
