<?xml version="1.0" encoding="UTF-8"?>
<!-- Generated by org.testng.reporters.JUnitReportReporter -->
<testsuite hostname="VSV" failures="0" tests="1" name="commercialcourt.TC_CC_009" time="25.699" errors="0" timestamp="2024-08-31T15:46:56 IST" skipped="0">
  <testcase classname="commercialcourt.TC_CC_009" name="testcommercialapprove" time="25.699"/>
</testsuite> <!-- commercialcourt.TC_CC_009 -->
