<?xml version="1.0" encoding="UTF-8"?>
<!-- Generated by org.testng.reporters.JUnitReportReporter -->
<testsuite hostname="VSV" failures="0" tests="1" name="highcourt.Highcourtcaseadd" time="36.483" errors="0" timestamp="2024-09-26T15:08:51 IST" skipped="0">
  <testcase classname="highcourt.Highcourtcaseadd" name="testAddAdvocateonRO" time="36.483"/>
</testsuite> <!-- highcourt.Highcourtcaseadd -->
