<?xml version="1.0" encoding="UTF-8"?>
<!-- Generated by org.testng.reporters.JUnitReportReporter -->
<testsuite hostname="VSV" failures="0" tests="1" name="revenuerecovery.Revenueaddcase" time="22.856" errors="0" timestamp="2024-09-26T15:53:39 IST" skipped="0">
  <testcase classname="revenuerecovery.Revenueaddcase" name="addcaserevenue" time="22.856"/>
</testsuite> <!-- revenuerecovery.Revenueaddcase -->
