<?xml version="1.0" encoding="UTF-8"?>
<!-- Generated by org.testng.reporters.JUnitReportReporter -->
<testsuite hostname="VSV" failures="0" tests="1" name="drt.TC_DRT_0011$drtcaseadd" time="23.012" errors="0" timestamp="2024-08-22T15:31:31 IST" skipped="0">
  <testcase classname="drt.TC_DRT_0011$drtcaseadd" name="testAdddrtcase" time="23.012"/>
</testsuite> <!-- drt.TC_DRT_0011$drtcaseadd -->
