<?xml version="1.0" encoding="UTF-8"?>
<!-- Generated by org.testng.reporters.JUnitReportReporter -->
<testsuite hostname="VSV" failures="0" tests="1" name="nf817.Nf817forwardtoco" time="73.867" errors="0" timestamp="2024-08-06T11:04:26 IST" skipped="0">
  <testcase classname="nf817.Nf817forwardtoco" name="Nf817forwardtoco1" time="73.867"/>
</testsuite> <!-- nf817.Nf817forwardtoco -->
