<?xml version="1.0" encoding="UTF-8"?>
<!-- Generated by org.testng.reporters.JUnitReportReporter -->
<testsuite hostname="VSV" failures="0" tests="1" name="advocateempanellment.addvocateadd$commercialcaseadd" time="16.556" errors="0" timestamp="2024-09-10T10:58:48 IST" skipped="0">
  <testcase classname="advocateempanellment.addvocateadd$commercialcaseadd" name="testAddAdvocate" time="16.556"/>
</testsuite> <!-- advocateempanellment.addvocateadd$commercialcaseadd -->
