<?xml version="1.0" encoding="UTF-8"?>
<!-- Generated by org.testng.reporters.JUnitReportReporter -->
<testsuite hostname="VSV" failures="0" tests="1" name="nclt.Ncltapprove$ncltapprovecase" time="29.630" errors="0" timestamp="2024-09-04T10:09:27 IST" skipped="0">
  <testcase classname="nclt.Ncltapprove$ncltapprovecase" name="ncltapprove" time="29.630"/>
</testsuite> <!-- nclt.Ncltapprove$ncltapprovecase -->
