<?xml version="1.0" encoding="UTF-8"?>
<!-- Generated by org.testng.reporters.JUnitReportReporter -->
<testsuite hostname="VSV" failures="0" tests="1" name="commercialcourt.TC_CC_004$commercial" time="20.145" errors="0" timestamp="2024-08-29T11:49:41 IST" skipped="0">
  <testcase classname="commercialcourt.TC_CC_004$commercial" name="testAddcommercial" time="20.145"/>
</testsuite> <!-- commercialcourt.TC_CC_004$commercial -->
