<?xml version="1.0" encoding="UTF-8"?>
<!-- Generated by org.testng.reporters.JUnitReportReporter -->
<testsuite hostname="VSV" failures="0" tests="1" name="drt.TC_DRT_0012$drtcaseadd" time="25.088" errors="0" timestamp="2024-08-22T15:34:31 IST" skipped="0">
  <testcase classname="drt.TC_DRT_0012$drtcaseadd" name="testAdddrtcase" time="25.088"/>
</testsuite> <!-- drt.TC_DRT_0012$drtcaseadd -->
