<?xml version="1.0" encoding="UTF-8"?>
<!-- Generated by org.testng.reporters.JUnitReportReporter -->
<testsuite hostname="VSV" failures="0" tests="1" name="sarfesi.Eligible$sarfesieligible" time="22.584" errors="0" timestamp="2024-09-11T11:27:04 IST" skipped="0">
  <testcase classname="sarfesi.Eligible$sarfesieligible" name="testsarfesieligible" time="22.584"/>
</testsuite> <!-- sarfesi.Eligible$sarfesieligible -->
