<?xml version="1.0" encoding="UTF-8"?>
<!-- Generated by org.testng.reporters.JUnitReportReporter -->
<testsuite hostname="VSV" failures="0" tests="1" name="commercialcourt.TC_CC_008" time="26.354" errors="0" timestamp="2024-08-30T17:54:38 IST" skipped="0">
  <testcase classname="commercialcourt.TC_CC_008" name="testcommercialapprove" time="26.354"/>
</testsuite> <!-- commercialcourt.TC_CC_008 -->
