<?xml version="1.0" encoding="UTF-8"?>
<!-- Generated by org.testng.reporters.JUnitReportReporter -->
<testsuite hostname="VSV" failures="0" tests="1" name="nclt.Ncltscenarios" time="58.475" errors="0" timestamp="2024-08-13T09:27:05 IST" skipped="0">
  <testcase classname="nclt.Ncltscenarios" name="verifyNcltMasterPageDoesNotSaveWithoutDataEntry" time="58.475"/>
</testsuite> <!-- nclt.Ncltscenarios -->
