<?xml version="1.0" encoding="UTF-8"?>
<!-- Generated by org.testng.reporters.JUnitReportReporter -->
<testsuite hostname="VSV" failures="0" tests="1" name="otsabove.Otsabovetwolac" time="68.484" errors="0" timestamp="2024-09-11T12:36:30 IST" skipped="0">
  <testcase classname="otsabove.Otsabovetwolac" name="OTSabovetwolacs" time="68.484"/>
</testsuite> <!-- otsabove.Otsabovetwolac -->
