<?xml version="1.0" encoding="UTF-8"?>
<!-- Generated by org.testng.reporters.JUnitReportReporter -->
<testsuite hostname="VSV" failures="0" tests="1" name="nf607.Nf607approvefromho" time="84.784" errors="0" timestamp="2024-08-06T10:52:12 IST" skipped="0">
  <testcase classname="nf607.Nf607approvefromho" name="testNF607approveHO" time="84.784"/>
</testsuite> <!-- nf607.Nf607approvefromho -->
