<?xml version="1.0" encoding="UTF-8"?>
<!-- Generated by org.testng.reporters.JUnitReportReporter -->
<testsuite hostname="VSV" failures="0" tests="1" name="prelitigationlokadalat.Prelitiaddcase" time="38.458" errors="0" timestamp="2024-10-01T12:41:13 IST" skipped="0">
  <testcase classname="prelitigationlokadalat.Prelitiaddcase" name="addcasepermant" time="38.458"/>
</testsuite> <!-- prelitigationlokadalat.Prelitiaddcase -->
