<?xml version="1.0" encoding="UTF-8"?>
<!-- Generated by org.testng.reporters.JUnitReportReporter -->
<testsuite hostname="VSV" failures="0" tests="1" name="nclt.Testcase7" time="20.611" errors="0" timestamp="2024-08-13T16:04:37 IST" skipped="0">
  <testcase classname="nclt.Testcase7" name="ncltaddcase" time="20.611"/>
</testsuite> <!-- nclt.Testcase7 -->
