<?xml version="1.0" encoding="UTF-8"?>
<!-- Generated by org.testng.reporters.JUnitReportReporter -->
<testsuite hostname="VSV" failures="0" tests="1" name="drt.TC_DRT_O013$drtcaseadd" time="65.359" errors="0" timestamp="2024-08-24T14:14:15 IST" skipped="0">
  <testcase classname="drt.TC_DRT_O013$drtcaseadd" name="testAdddrtcase" time="65.359"/>
</testsuite> <!-- drt.TC_DRT_O013$drtcaseadd -->
