<?xml version="1.0" encoding="UTF-8"?>
<!-- Generated by org.testng.reporters.JUnitReportReporter -->
<testsuite hostname="VSV" failures="0" tests="1" name="sarfesi.Eligible$sarfesieligible" time="16.143" errors="0" timestamp="2024-09-03T13:09:22 IST" skipped="0">
  <testcase classname="sarfesi.Eligible$sarfesieligible" name="testsarfesieligible" time="16.143"/>
</testsuite> <!-- sarfesi.Eligible$sarfesieligible -->
