<?xml version="1.0" encoding="UTF-8"?>
<!-- Generated by org.testng.reporters.JUnitReportReporter -->
<testsuite hostname="VSV" failures="0" tests="1" name="commercialcourt.commercialcaseadd" time="26.728" errors="0" timestamp="2024-09-02T14:27:01 IST" skipped="0">
  <testcase classname="commercialcourt.commercialcaseadd" name="testAddcommercial" time="26.728"/>
</testsuite> <!-- commercialcourt.commercialcaseadd -->
