<?xml version="1.0" encoding="UTF-8"?>
<!-- Generated by org.testng.reporters.JUnitReportReporter -->
<testsuite hostname="VSV" failures="0" tests="1" name="nclt.Ncltaddcase" time="29.422" errors="0" timestamp="2024-08-27T17:09:31 IST" skipped="0">
  <testcase classname="nclt.Ncltaddcase" name="ncltaddcase" time="29.422"/>
</testsuite> <!-- nclt.Ncltaddcase -->
