<?xml version="1.0" encoding="UTF-8"?>
<!-- Generated by org.testng.reporters.JUnitReportReporter -->
<testsuite hostname="VSV" failures="0" tests="1" name="nf817.Nf817forwardtoho" time="70.828" errors="0" timestamp="2024-08-06T11:04:26 IST" skipped="0">
  <testcase classname="nf817.Nf817forwardtoho" name="Nf817forwardtoho1" time="70.828"/>
</testsuite> <!-- nf817.Nf817forwardtoho -->
