<?xml version="1.0" encoding="UTF-8"?>
<!-- Generated by org.testng.reporters.JUnitReportReporter -->
<testsuite hostname="VSV" failures="0" tests="1" name="commercialcourt.TC_CC_009" time="55.403" errors="0" timestamp="2024-08-30T16:03:33 IST" skipped="0">
  <testcase classname="commercialcourt.TC_CC_009" name="testcommercialapprove" time="55.403"/>
</testsuite> <!-- commercialcourt.TC_CC_009 -->
