<?xml version="1.0" encoding="UTF-8"?>
<!-- Generated by org.testng.reporters.JUnitReportReporter -->
<testsuite hostname="VSV" failures="0" tests="1" name="nf607.Nf607addcase$nf607caseadd" time="82.023" errors="0" timestamp="2024-09-23T11:20:45 IST" skipped="0">
  <testcase classname="nf607.Nf607addcase$nf607caseadd" name="testAddNF607case" time="82.023"/>
</testsuite> <!-- nf607.Nf607addcase$nf607caseadd -->
