<?xml version="1.0" encoding="UTF-8"?>
<!-- Generated by org.testng.reporters.JUnitReportReporter -->
<testsuite hostname="VSV" failures="0" tests="1" name="nf607.Nf607addcase" time="238.892" errors="0" timestamp="2024-08-06T10:44:54 IST" skipped="0">
  <testcase classname="nf607.Nf607addcase" name="testAddNF607case" time="238.892"/>
</testsuite> <!-- nf607.Nf607addcase -->
