<?xml version="1.0" encoding="UTF-8"?>
<!-- Generated by org.testng.reporters.JUnitReportReporter -->
<testsuite hostname="VSV" failures="0" tests="1" name="drt.TC_DRT_008$drtcaseadd" time="79.893" errors="0" timestamp="2024-08-22T09:41:56 IST" skipped="0">
  <testcase classname="drt.TC_DRT_008$drtcaseadd" name="testAdddrtcase" time="79.893"/>
</testsuite> <!-- drt.TC_DRT_008$drtcaseadd -->
