<?xml version="1.0" encoding="UTF-8"?>
<!-- Generated by org.testng.reporters.JUnitReportReporter -->
<testsuite hostname="VSV" failures="0" tests="1" name="commercialcourt.TC_CC_007" time="30.654" errors="0" timestamp="2024-08-30T17:58:44 IST" skipped="0">
  <testcase classname="commercialcourt.TC_CC_007" name="testcommercialapprove" time="30.654"/>
</testsuite> <!-- commercialcourt.TC_CC_007 -->
