<?xml version="1.0" encoding="UTF-8"?>
<!-- Generated by org.testng.reporters.JUnitReportReporter -->
<testsuite hostname="VSV" failures="0" tests="2" name="drt.Drtcaseadd$drtcaseadd" time="18.714" errors="0" timestamp="2024-09-23T10:14:12 IST" skipped="1">
  <testcase classname="drt.Drtcaseadd$drtcaseadd" name="testAdddrtcase" time="18.714"/>
  <testcase classname="drt.Drtcaseadd$drtcaseadd" name="testdrtapprove">
    <skipped/>
  </testcase> <!-- testdrtapprove -->
</testsuite> <!-- drt.Drtcaseadd$drtcaseadd -->
