<?xml version="1.0" encoding="UTF-8"?>
<!-- Generated by org.testng.reporters.JUnitReportReporter -->
<testsuite hostname="VSV" failures="0" tests="1" name="nf607.Nf607forwardtoco" time="94.173" errors="0" timestamp="2024-08-06T10:48:44 IST" skipped="0">
  <testcase classname="nf607.Nf607forwardtoco" name="testNF607forwardtoCO" time="94.173"/>
</testsuite> <!-- nf607.Nf607forwardtoco -->
