<?xml version="1.0" encoding="UTF-8"?>
<!-- Generated by org.testng.reporters.JUnitReportReporter -->
<testsuite hostname="VSV" failures="0" tests="1" name="commercialcourt.commercialcaseadd" time="18.229" errors="0" timestamp="2024-09-23T10:52:17 IST" skipped="0">
  <testcase classname="commercialcourt.commercialcaseadd" name="testAddcommercial" time="18.229"/>
</testsuite> <!-- commercialcourt.commercialcaseadd -->
