<?xml version="1.0" encoding="UTF-8"?>
<!-- Generated by org.testng.reporters.JUnitReportReporter -->
<testsuite hostname="VSV" failures="0" tests="2" name="nclt.Ncltapprove$ncltapprovecase" time="41.859" errors="0" timestamp="2024-09-13T09:58:56 IST" skipped="0">
  <testcase classname="nclt.Ncltapprove$ncltapprovecase" name="ncltapprove" time="20.326"/>
  <testcase classname="nclt.Ncltapprove$ncltapprovecase" name="ncltapprove" time="21.533"/>
</testsuite> <!-- nclt.Ncltapprove$ncltapprovecase -->
