<?xml version="1.0" encoding="UTF-8"?>
<!-- Generated by org.testng.reporters.JUnitReportReporter -->
<testsuite hostname="VSV" failures="0" tests="2" name="commercialcourt.TC_CC_003" time="29.589" errors="0" timestamp="2024-08-28T17:03:29 IST" skipped="0">
  <testcase classname="commercialcourt.TC_CC_003" name="testAddcommercial" time="21.938"/>
  <testcase classname="commercialcourt.TC_CC_003" name="commercialfetchtest" time="7.651"/>
</testsuite> <!-- commercialcourt.TC_CC_003 -->
