<?xml version="1.0" encoding="UTF-8"?>
<!-- Generated by org.testng.reporters.JUnitReportReporter -->
<testsuite hostname="VSV" failures="0" tests="1" name="nf607.Nf607addcase$nf607caseadd" time="81.675" errors="0" timestamp="2024-09-04T11:21:33 IST" skipped="0">
  <testcase classname="nf607.Nf607addcase$nf607caseadd" name="testAddNF607case" time="81.675"/>
</testsuite> <!-- nf607.Nf607addcase$nf607caseadd -->
