<?xml version="1.0" encoding="UTF-8"?>
<!-- Generated by org.testng.reporters.JUnitReportReporter -->
<testsuite hostname="VSV" failures="0" tests="1" name="otsabove.OTSAutomation$commercialcaseadd" time="256.473" errors="0" timestamp="2024-09-13T11:59:46 IST" skipped="0">
  <testcase classname="otsabove.OTSAutomation$commercialcaseadd" name="OTSabovetwolacs" time="256.473"/>
</testsuite> <!-- otsabove.OTSAutomation$commercialcaseadd -->
