<?xml version="1.0" encoding="UTF-8"?>
<!-- Generated by org.testng.reporters.JUnitReportReporter -->
<testsuite hostname="VSV" failures="0" tests="1" name="commercialcourt.commercialcaseadd" time="20.249" errors="0" timestamp="2024-08-30T17:50:51 IST" skipped="0">
  <testcase classname="commercialcourt.commercialcaseadd" name="testAddcommercial" time="20.249"/>
</testsuite> <!-- commercialcourt.commercialcaseadd -->
