<?xml version="1.0" encoding="UTF-8"?>
<!-- Generated by org.testng.reporters.JUnitReportReporter -->
<testsuite hostname="VSV" failures="0" tests="1" name="samplepackage.GoogleSearchTest" time="2.379" errors="0" timestamp="2024-08-05T11:25:11 IST" skipped="0">
  <testcase classname="samplepackage.GoogleSearchTest" name="testGoogleSearch" time="2.379"/>
</testsuite> <!-- samplepackage.GoogleSearchTest -->
