<?xml version="1.0" encoding="UTF-8"?>
<!-- Generated by org.testng.reporters.JUnitReportReporter -->
<testsuite hostname="VSV" failures="0" tests="1" name="civilcourt.Civilcourtaddcase" time="34.699" errors="0" timestamp="2024-10-01T10:28:46 IST" skipped="0">
  <testcase classname="civilcourt.Civilcourtaddcase" name="civilcourtaddcase" time="34.699"/>
</testsuite> <!-- civilcourt.Civilcourtaddcase -->
