<?xml version="1.0" encoding="UTF-8"?>
<!-- Generated by org.testng.reporters.JUnitReportReporter -->
<testsuite hostname="VSV" failures="0" tests="1" name="commercialcourt.TC_CC_006" time="17.617" errors="0" timestamp="2024-08-29T15:36:17 IST" skipped="0">
  <testcase classname="commercialcourt.TC_CC_006" name="testAddCommercial" time="17.617"/>
</testsuite> <!-- commercialcourt.TC_CC_006 -->
