<?xml version="1.0" encoding="UTF-8"?>
<!-- Generated by org.testng.reporters.JUnitReportReporter -->
<testsuite hostname="VSV" failures="0" tests="1" name="drt.TC_DRT_0010$drtcaseadd" time="16.529" errors="0" timestamp="2024-09-02T14:36:46 IST" skipped="0">
  <testcase classname="drt.TC_DRT_0010$drtcaseadd" name="testAdddrtcase" time="16.529"/>
</testsuite> <!-- drt.TC_DRT_0010$drtcaseadd -->
