<?xml version="1.0" encoding="UTF-8"?>
<!-- Generated by org.testng.reporters.JUnitReportReporter -->
<testsuite hostname="VSV" failures="0" tests="1" name="nclt.Ncltapprove$ncltapprovecase" time="29.173" errors="0" timestamp="2024-08-17T14:37:21 IST" skipped="0">
  <testcase classname="nclt.Ncltapprove$ncltapprovecase" name="ncltapprove" time="29.173"/>
</testsuite> <!-- nclt.Ncltapprove$ncltapprovecase -->
