<?xml version="1.0" encoding="UTF-8"?>
<!-- Generated by org.testng.reporters.JUnitReportReporter -->
<testsuite hostname="VSV" failures="0" tests="2" name="drt.Drtcaseadd$drtcaseadd" time="25.234" errors="0" timestamp="2024-09-02T14:35:18 IST" skipped="1">
  <testcase classname="drt.Drtcaseadd$drtcaseadd" name="testAdddrtcase" time="25.234"/>
  <testcase classname="drt.Drtcaseadd$drtcaseadd" name="testdrtapprove">
    <skipped/>
  </testcase> <!-- testdrtapprove -->
</testsuite> <!-- drt.Drtcaseadd$drtcaseadd -->
