<?xml version="1.0" encoding="UTF-8"?>
<!-- Generated by org.testng.reporters.JUnitReportReporter -->
<testsuite hostname="VSV" failures="0" tests="1" name="commercialcourt.TC_CC_005$commercial" time="22.561" errors="0" timestamp="2024-08-29T12:59:22 IST" skipped="0">
  <testcase classname="commercialcourt.TC_CC_005$commercial" name="testAddcommercial" time="22.561"/>
</testsuite> <!-- commercialcourt.TC_CC_005$commercial -->
