<?xml version="1.0" encoding="UTF-8"?>
<!-- Generated by org.testng.reporters.JUnitReportReporter -->
<testsuite hostname="VSV" failures="0" tests="1" name="sarfesi.Eligible$sarfesieligible" time="9.870" errors="0" timestamp="2024-09-02T17:35:42 IST" skipped="0">
  <testcase classname="sarfesi.Eligible$sarfesieligible" name="testsarfesieligible" time="9.870"/>
</testsuite> <!-- sarfesi.Eligible$sarfesieligible -->
