<?xml version="1.0" encoding="UTF-8"?>
<!-- Generated by org.testng.reporters.JUnitReportReporter -->
<testsuite hostname="VSV" failures="0" tests="1" name="nclt.Ncltaddcase" time="33.690" errors="0" timestamp="2024-09-26T12:14:22 IST" skipped="0">
  <testcase classname="nclt.Ncltaddcase" name="ncltaddcase" time="33.690"/>
</testsuite> <!-- nclt.Ncltaddcase -->
