<?xml version="1.0" encoding="UTF-8"?>
<!-- Generated by org.testng.reporters.JUnitReportReporter -->
<testsuite hostname="VSV" failures="0" tests="2" name="nclt.Testcase3" time="35.281" errors="0" timestamp="2024-08-13T16:04:37 IST" skipped="0">
  <testcase classname="nclt.Testcase3" name="ncltaddcase" time="26.239"/>
  <testcase classname="nclt.Testcase3" name="ncltapprove" time="9.042"/>
</testsuite> <!-- nclt.Testcase3 -->
