<?xml version="1.0" encoding="UTF-8"?>
<!-- Generated by org.testng.reporters.JUnitReportReporter -->
<testsuite hostname="VSV" failures="0" tests="1" name="nf607.Nf607forwardtoho" time="82.336" errors="0" timestamp="2024-08-06T10:50:30 IST" skipped="0">
  <testcase classname="nf607.Nf607forwardtoho" name="testNF607forwardtoHO" time="82.336"/>
</testsuite> <!-- nf607.Nf607forwardtoho -->
