<?xml version="1.0" encoding="UTF-8"?>
<!-- Generated by org.testng.reporters.JUnitReportReporter -->
<testsuite hostname="VSV" failures="0" tests="2" name="commercialcourt.TC_CC_003" time="29.166" errors="0" timestamp="2024-08-31T18:02:56 IST" skipped="0">
  <testcase classname="commercialcourt.TC_CC_003" name="testAddcommercial" time="21.334"/>
  <testcase classname="commercialcourt.TC_CC_003" name="commercialfetchtest" time="7.832"/>
</testsuite> <!-- commercialcourt.TC_CC_003 -->
